<?xml version="1.0" encoding="UTF-8"?>
<!-- Generated by org.testng.reporters.JUnitReportReporter -->
<testsuite hostname="DESKTOP-5OMTA5B" failures="0" tests="1" name="com.rahulshettyacademy.moolya.testcases.EndToEndTesting" time="6.324" errors="0" timestamp="2023-12-13T09:14:52 IST" skipped="0">
  <testcase classname="com.rahulshettyacademy.moolya.testcases.EndToEndTesting" name="endToEndTesting" time="6.324"/>
  <system-out/>
</testsuite> <!-- com.rahulshettyacademy.moolya.testcases.EndToEndTesting -->
